2021-10-15 13:34:07,289 | INFO   | Tokenised Text : [{'tag': 'UNCATEGORIZED', 'text': 'DISCHARGE SUMMARY ', 'span': (0, 18)}, {'tag': 'UNCATEGORIZED', 'text': 'DEPARTMENT OF CARDIOLOGY', 'span': (20, 44)}, {'tag': 'UNCATEGORIZED', 'text': 'HospitalID :', 'span': (46, 58)}, {'tag': 'UNCATEGORIZED', 'text': '2307901 / 369193', 'span': (60, 76)}, {'tag': 'UNCATEGORIZED', 'text': 'PATIENT NAME:', 'span': (78, 91)}, {'tag': 'UNCATEGORIZED', 'text': 'Utkarsh Angio', 'span': (93, 106)}, {'tag': 'UNCATEGORIZED', 'text': 'AGE :', 'span': (108, 113)}, {'tag': 'UNCATEGORIZED', 'text': '44 Years', 'span': (115, 123)}, {'tag': 'UNCATEGORIZED', 'text': 'ADMITTED ON:', 'span': (125, 137)}, {'tag': 'UNCATEGORIZED', 'text': '26-05-2021', 'span': (139, 149)}, {'tag': 'UNCATEGORIZED', 'text': 'SEX :', 'span': (151, 156)}, {'tag': 'UNCATEGORIZED', 'text': 'MALE', 'span': (158, 162)}, {'tag': 'UNCATEGORIZED', 'text': 'Date of Discharge', 'span': (164, 181)}, {'tag': 'UNCATEGORIZED', 'text': '09/Aug/2021', 'span': (183, 194)}, {'tag': 'UNCATEGORIZED', 'text': 'BED NO :', 'span': (196, 204)}, {'tag': 'UNCATEGORIZED', 'text': 'C-M-02', 'span': (206, 212)}, {'tag': 'UNCATEGORIZED', 'text': 'UNIT HEAD:', 'span': (214, 224)}, {'tag': 'UNCATEGORIZED', 'text': 'Dr.MANJAPPA M (Cardiology) MBBS,MD,DM', 'span': (226, 263)}, {'tag': 'UNCATEGORIZED', 'text': 'ADDRESS :', 'span': (265, 274)}, {'tag': 'UNCATEGORIZED', 'text': 'M L HUNDI TN PURA TQ MYSURU', 'span': (276, 303)}, {'tag': 'UNCATEGORIZED', 'text': 'Date of Birth:', 'span': (305, 319)}, {'tag': 'UNCATEGORIZED', 'text': '15-07-1999', 'span': (321, 331)}, {'tag': 'UNCATEGORIZED', 'text': 'DIAGNOSIS : ', 'span': (343, 355)}, {'tag': 'UNCATEGORIZED', 'text': 'ACUTE ON CHRONIC PULMONARY THROMBOEMBOLISM (SUBMASSIVE)', 'span': (357, 412)}, {'tag': 'UNCATEGORIZED', 'text': 'SEVERE PULMONARY HYPERTENSION', 'span': (414, 443)}, {'tag': 'UNCATEGORIZED', 'text': 'NORMAL BIVENTRICULAR FUNCTION, LVEF-68% ', 'span': (445, 485)}, {'tag': 'UNCATEGORIZED', 'text': 'TYPE 2 DIABETES MELLITUS ', 'span': (487, 512)}, {'tag': 'UNCATEGORIZED', 'text': 'HYPERTENSION', 'span': (431, 443)}, {'tag': 'UNCATEGORIZED', 'text': 'HISTORY : ', 'span': (530, 540)}, {'tag': 'UNCATEGORIZED', 'text': 'Patient name Mr. Somu, 50 years, male, k/c/o DM, presented with c/o breathlessness on exertion- sudden onset, NYHA class II-III since 4 days, associated with one episode of giddiness and syncope 2 days back. On presentation, patient had hypoxia and high BP reading. RAT & RT PCR for Covid-19 were negative. ECG showed sinus rhythm, T wave inversion in II III aVF, V2-V6. He was initially admitted to ward under general medicine department for further evaluation.', 'span': (542, 1004)}, {'tag': 'UNCATEGORIZED', 'text': 'COURSE IN THE HOSPITAL : ', 'span': (1008, 1033)}, {'tag': 'UNCATEGORIZED', 'text': 'MRI Brain done in view of accelerated hypertension and giddiness at presentation, showed no evidence of acute infarcts/haemorrhage. 2D ECHO showed Dilated RA & RV, Mild TR, No RWMA, Normal LV systolic function, EF 68%, Severe pulmonary hypertension, RVSP 55mmHg. D Dimer was elevated. CT-pulmonary angiogram showed features suggestive of acute pulmonary embolism in RPA & LPA extending into upper and lower lobe segmental arteries, reduced calibre of right lower lobe segmental arteries with partial occlusion and calcified thrombuslikely chronic thromboembolism, few patchy areas of ground glass opacities in medial segment of right middle lobe-infective etiology. Patient was transferred to cardiology department for further management. He was treated with heparin, insulin, antiplatelets, statin, antihypertensives, proton pump inhibitors and other supportive medications. Patient improved symptomatically. He was started on oral anticogulants. Further ward stay was uneventful. Detailed report of investigations enclosed. He was discharged with stable condition with following advice.', 'span': (1035, 2123)}, {'tag': 'UNCATEGORIZED', 'text': 'CONDITION AT DISCHARGE: STABLE', 'span': (2127, 2157)}, {'tag': 'UNCATEGORIZED', 'text': 'ADVISE AT DISCHARGE: LOW SALT LOW FAT & DIABETIC DIET', 'span': (2164, 2217)}, {'tag': 'MEDICINE_SECTION', 'text': 'TAB. RIVAXON/EXAFIB 15MG 1-0-0 X CONTINUE CAP. ECOSPRIN-AV 20MG 0-0-1 X CONTINUE TAB. MINILACTONE 25MG 0-1-0 X CONTINUE TAB. GLIMISAVE MV 2.2MG 1-0-1 X CONTINUE (BEFORE FOOD) TAB. HOMOCHECK 10MG 0-1-0 X CONTINUE TAB. PANTOCID 40MG 1-0-0 X 14 DAYS (BEFORE FOOD)', 'span': (2219, 2479)}, {'tag': 'UNCATEGORIZED', 'text': "*DON'T STOP ANY MEDICATION WITHOUT CONSULTING DOCTOR", 'span': (2483, 2535)}, {'tag': 'EMERGENCY_SECTION', 'text': 'Contact in Emergency ', 'span': (2539, 2560)}, {'tag': 'UNCATEGORIZED', 'text': '1.Diarrhoea, Nausea,Vomiting', 'span': (2562, 2590)}, {'tag': 'UNCATEGORIZED', 'text': '2.Constipation,Fever', 'span': (2592, 2612)}, {'tag': 'EMERGENCY_SECTION', 'text': 'IN CASE OF EMERGENCY/URGENCY PLEASE CALL 0821-2335000 OR VISIT EMERGENCY SERVICES AT GROUND FLOOR OF HOSPITAL WHICH IS OPEN 24X7X365. DIAL OUR EMERGENCY AMBULANCE HELPLINE NUMBER TO SEEK MEDICAL HELP: 14455 (24/7)', 'span': (2616, 2829)}, {'tag': 'UNCATEGORIZED', 'text': 'Review with Dr. Manjappa M, MD, DM in Cardiology OPD on Tuesday / Friday after 1 week. For appointment please contact 0821-2335261.', 'span': (2833, 2964)}, {'tag': 'UNCATEGORIZED', 'text': 'Prepared by : Dr. Poornima K S Verified by : Dr. Manjappa M ', 'span': (2968, 3028)}, {'tag': 'UNCATEGORIZED', 'text': 'Discharged Date & Time : Discharged By : ', 'span': (3030, 3071)}, {'tag': 'UNCATEGORIZED', 'text': 'Dr. Manjappa M., MD, DM ', 'span': (3077, 3101)}, {'tag': 'UNCATEGORIZED', 'text': 'Assistant Professor ', 'span': (3103, 3123)}, {'tag': 'UNCATEGORIZED', 'text': 'Interventional Cardiologist', 'span': (3125, 3152)}, {'tag': 'UNCATEGORIZED', 'text': 'KMC No. - 50878 ', 'span': (3154, 3170)}, {'tag': 'UNCATEGORIZED', 'text': 'Dr.MANJAPPA M (Cardiology)', 'span': (226, 252)}] | __main__.__break_in_sections():84  
2021-10-15 13:34:07,289 | INFO   | keyword:PATIENT_NAME|pattern:(?P<KEY>Patient\s*Name\s*\n*|Name\s*\n*)\s*:*(\s*|\n*)(Mr\.{0,1}|Mrs\.{0,1})?(?P<PATIENT_NAME>\s*\w*\s{1,2}\w*) | __main__.__make_regex_pattern():117 
2021-10-15 13:34:07,289 | INFO   | Regex caught PATIENT_NAME:[{'KEY': 'PATIENT NAME', 'PATIENT_NAME': 'Utkarsh Angio'}, {'KEY': 'Patient name ', 'PATIENT_NAME': ' Somu'}] | __main__.__get_params():133 
2021-10-15 13:34:07,289 | INFO   | Param Returned:PATIENT_NAME Value is :Utkarsh Angio | __main__.__get_params():141 
2021-10-15 13:34:07,289 | INFO   | PATIENT_NAME:Utkarsh Angio | __main__.__extract_fields():152 
2021-10-15 13:34:07,290 | INFO   | keyword:AGE|pattern:(?P<KEY>Age)\s*:\s*\s*(?P<AGE>([0-9]{2})\s*|\s*([0-9]{2})\s*(years)|\s*([0-9]{2})\s*(y|years)?\s*([0-9]{1,2})\s*(m)\s*([0-9]{1,3})\s*(d)|Age\s*:*\s*(\d+)) | __main__.__make_regex_pattern():117 
2021-10-15 13:34:07,290 | INFO   | Regex caught AGE:[{'KEY': 'AGE', 'AGE': '44 '}] | __main__.__get_params():133 
2021-10-15 13:34:07,290 | INFO   | Param Returned:AGE Value is :44  | __main__.__get_params():141 
2021-10-15 13:34:07,290 | INFO   | AGE:44  | __main__.__extract_fields():152 
2021-10-15 13:34:07,290 | INFO   | keyword:GENDER|pattern:(?P<KEY>Gender|Sex)\s*:*(\s*|\n)(?P<GENDER>\w*) | __main__.__make_regex_pattern():117 
2021-10-15 13:34:07,291 | INFO   | Regex caught GENDER:[{'KEY': 'SEX', 'GENDER': 'MALE'}] | __main__.__get_params():133 
2021-10-15 13:34:07,291 | INFO   | Param Returned:GENDER Value is :MALE | __main__.__get_params():141 
2021-10-15 13:34:07,291 | INFO   | GENDER:MALE | __main__.__extract_fields():152 
2021-10-15 13:34:07,291 | INFO   | keyword:MRN|pattern:(?P<KEY>mrn|REG\s*\/\s*IP\s*NO|Hospital\s*[\s*\-]?\s*ID)\s*(No|num|number)?\s*\n*:*\s*\n*(?P<MRN>[0-9]{2}\-[0-9]{2}\-[0-9]{8}|(\d{7}\s*/\s*\d{6})) | __main__.__make_regex_pattern():117 
2021-10-15 13:34:07,291 | INFO   | Regex caught MRN:[{'KEY': 'HospitalID', 'MRN': '2307901 / 369193'}] | __main__.__get_params():133 
2021-10-15 13:34:07,291 | INFO   | Param Returned:MRN Value is :2307901 / 369193 | __main__.__get_params():141 
2021-10-15 13:34:07,291 | INFO   | MRN:2307901 / 369193 | __main__.__extract_fields():152 
2021-10-15 13:34:07,291 | INFO   | keyword:DATE_OF_DISCHARGE|pattern:(?P<KEY>Date\s*of\s*Discharge|Discharge\s*Date|Discharged\s*On)\s*:*\s*\n*(?P<DATE_OF_DISCHARGE>([0-9]{1,2})\s*[\/\-]\s*([a-z]{3,9}|[0-9]{1,2})\s*[\/\-]\s*([0-9]{2,4})) | __main__.__make_regex_pattern():117 
2021-10-15 13:34:07,292 | INFO   | Regex caught DATE_OF_DISCHARGE:[{'KEY': 'Date of Discharge', 'DATE_OF_DISCHARGE': '09/Aug/2021'}] | __main__.__get_params():133 
2021-10-15 13:34:07,292 | INFO   | Param Returned:DATE_OF_DISCHARGE Value is :09/Aug/2021 | __main__.__get_params():141 
2021-10-15 13:34:07,292 | INFO   | DATE_OF_DISCHARGE:09/Aug/2021 | __main__.__extract_fields():152 
2021-10-15 13:34:07,292 | INFO   | keyword:DOB|pattern:(?P<KEY>Date\s*of\s*Birth)\s*:*\s*\n*(?P<DOB>([0-9]{1,2})\s*-([A-Za-z]{3,9}|[0-9]{1,2})\s*-([0-9]{2,4})) | __main__.__make_regex_pattern():117 
2021-10-15 13:34:07,293 | INFO   | Regex caught DOB:[{'KEY': 'Date of Birth', 'DOB': '15-07-1999'}] | __main__.__get_params():133 
2021-10-15 13:34:07,293 | INFO   | Param Returned:DOB Value is :15-07-1999 | __main__.__get_params():141 
2021-10-15 13:34:07,293 | INFO   | DOB:15-07-1999 | __main__.__extract_fields():152 
2021-10-15 13:34:07,293 | INFO   | keyword:DIAGNOSIS|pattern:(DIAGNOSIS\s*)\s*:*(?P<DIAGNOSIS>.*?)\.*\n*(?=REASON|CO-MORBIDITIES|CLINICAL\s*HISTORY|HISTORY\s*AND\s*PHYSICAL\s*FINDINGS|\s*SURGERY|PROCEDURE\s*DETAILS|HISTORY) | __main__.__make_regex_pattern():117 
2021-10-15 13:34:07,293 | INFO   | Regex caught DIAGNOSIS:[{'DIAGNOSIS': ' \n\nACUTE ON CHRONIC PULMONARY THROMBOEMBOLISM (SUBMASSIVE)\n\nSEVERE PULMONARY HYPERTENSION\n\nNORMAL BIVENTRICULAR FUNCTION, LVEF-68% \n\nTYPE 2 DIABETES MELLITUS \n\nHYPERTENSION'}] | __main__.__get_params():133 
2021-10-15 13:34:07,293 | INFO   | Param Returned:DIAGNOSIS Value is : 

ACUTE ON CHRONIC PULMONARY THROMBOEMBOLISM (SUBMASSIVE)

SEVERE PULMONARY HYPERTENSION

NORMAL BIVENTRICULAR FUNCTION, LVEF-68% 

TYPE 2 DIABETES MELLITUS 

HYPERTENSION | __main__.__get_params():141 
2021-10-15 13:34:07,293 | INFO   | DIAGNOSIS: 

ACUTE ON CHRONIC PULMONARY THROMBOEMBOLISM (SUBMASSIVE)

SEVERE PULMONARY HYPERTENSION

NORMAL BIVENTRICULAR FUNCTION, LVEF-68% 

TYPE 2 DIABETES MELLITUS 

HYPERTENSION | __main__.__extract_fields():152 
2021-10-15 13:34:07,293 | INFO   | Extracted data : {'PATIENT_NAME': 'Utkarsh Angio', 'AGE': '44 ', 'GENDER': 'MALE', 'MRN': '2307901 / 369193', 'DATE_OF_DISCHARGE': '09/Aug/2021', 'DOB': '15-07-1999', 'DIAGNOSIS': ' \n\nACUTE ON CHRONIC PULMONARY THROMBOEMBOLISM (SUBMASSIVE)\n\nSEVERE PULMONARY HYPERTENSION\n\nNORMAL BIVENTRICULAR FUNCTION, LVEF-68% \n\nTYPE 2 DIABETES MELLITUS \n\nHYPERTENSION'} | __main__.__extract_fields():155 
2021-10-15 13:34:07,294 | INFO   | <re.Match object; span=(0, 41), match='TAB. RIVAXON/EXAFIB 15MG 1-0-0 X CONTINUE'> | __main__.__extract_medicines_regex():199 
2021-10-15 13:34:07,294 | INFO   | <re.Match object; span=(42, 80), match='CAP. ECOSPRIN-AV 20MG 0-0-1 X CONTINUE'> | __main__.__extract_medicines_regex():199 
2021-10-15 13:34:07,294 | INFO   | <re.Match object; span=(81, 119), match='TAB. MINILACTONE 25MG 0-1-0 X CONTINUE'> | __main__.__extract_medicines_regex():199 
2021-10-15 13:34:07,294 | INFO   | <re.Match object; span=(120, 160), match='TAB. GLIMISAVE MV 2.2MG 1-0-1 X CONTINUE'> | __main__.__extract_medicines_regex():199 
2021-10-15 13:34:07,294 | INFO   | <re.Match object; span=(175, 211), match='TAB. HOMOCHECK 10MG 0-1-0 X CONTINUE'> | __main__.__extract_medicines_regex():199 
2021-10-15 13:34:07,294 | INFO   | <re.Match object; span=(212, 246), match='TAB. PANTOCID 40MG 1-0-0 X 14 DAYS'> | __main__.__extract_medicines_regex():199 
2021-10-15 13:34:13,052 | INFO   | [{'FORM': 'TAB.', 'DOSAGE': '15MG', 'FREQUENCY': '1-0-0', 'DURATION': 'X CONTINUE', 'COMMENTS': 'O', 'BRAND_NAME': 'RIVAXON/EXAFIB', 'GENERIC_NAME': ''}, {'FORM': 'CAP.', 'DOSAGE': '20MG', 'FREQUENCY': '0-0-1', 'DURATION': 'X CONTINUE', 'COMMENTS': 'T', 'BRAND_NAME': 'Ecosprin-av', 'GENERIC_NAME': 'aspirin'}, {'FORM': 'TAB.', 'DOSAGE': '25MG', 'FREQUENCY': '0-1-0', 'DURATION': 'X CONTINUE', 'COMMENTS': 'e', 'BRAND_NAME': 'Minilactone', 'GENERIC_NAME': 'furosemide + spironolactone'}, {'FORM': 'TAB.', 'DOSAGE': '2.2MG', 'FREQUENCY': '1-0-1', 'DURATION': 'X CONTINUE', 'COMMENTS': 'LE\n\nDate of Dis', 'BRAND_NAME': 'GLIMISAVE MV', 'GENERIC_NAME': 'glimepiride + metformin'}, {'FORM': 'TAB.', 'DOSAGE': '10MG', 'FREQUENCY': '0-1-0', 'DURATION': 'X CONTINUE', 'COMMENTS': '2', 'BRAND_NAME': 'HOMOCHECK', 'GENERIC_NAME': 'folic acid'}, {'FORM': 'TAB.', 'DOSAGE': '40MG', 'FREQUENCY': '1-0-0', 'DURATION': 'X 14 DAYS', 'COMMENTS': '', 'BRAND_NAME': 'Pantocid', 'GENERIC_NAME': 'pantoprazole'}] | __main__.__extract_medicines_regex():207 
2021-10-15 13:34:13,052 | INFO   | OUTPUT : {'demographics': {'PATIENT_NAME': 'Utkarsh Angio', 'AGE': '44 ', 'GENDER': 'MALE', 'MRN': '2307901 / 369193', 'DATE_OF_DISCHARGE': '09/Aug/2021', 'DOB': '15-07-1999', 'DIAGNOSIS': ' \n\nACUTE ON CHRONIC PULMONARY THROMBOEMBOLISM (SUBMASSIVE)\n\nSEVERE PULMONARY HYPERTENSION\n\nNORMAL BIVENTRICULAR FUNCTION, LVEF-68% \n\nTYPE 2 DIABETES MELLITUS \n\nHYPERTENSION'}, 'emergency': 'Contact in Emergency \nIN CASE OF EMERGENCY/URGENCY PLEASE CALL 0821-2335000 OR VISIT EMERGENCY SERVICES AT GROUND FLOOR OF HOSPITAL WHICH IS OPEN 24X7X365. DIAL OUR EMERGENCY AMBULANCE HELPLINE NUMBER TO SEEK MEDICAL HELP: 14455 (24/7)', 'medicines': [{'FORM': 'TAB.', 'DOSAGE': '15MG', 'FREQUENCY': '1-0-0', 'DURATION': 'X CONTINUE', 'COMMENTS': 'O', 'BRAND_NAME': 'RIVAXON/EXAFIB', 'GENERIC_NAME': ''}, {'FORM': 'CAP.', 'DOSAGE': '20MG', 'FREQUENCY': '0-0-1', 'DURATION': 'X CONTINUE', 'COMMENTS': 'T', 'BRAND_NAME': 'Ecosprin-av', 'GENERIC_NAME': 'aspirin'}, {'FORM': 'TAB.', 'DOSAGE': '25MG', 'FREQUENCY': '0-1-0', 'DURATION': 'X CONTINUE', 'COMMENTS': 'e', 'BRAND_NAME': 'Minilactone', 'GENERIC_NAME': 'furosemide + spironolactone'}, {'FORM': 'TAB.', 'DOSAGE': '2.2MG', 'FREQUENCY': '1-0-1', 'DURATION': 'X CONTINUE', 'COMMENTS': 'LE\n\nDate of Dis', 'BRAND_NAME': 'GLIMISAVE MV', 'GENERIC_NAME': 'glimepiride + metformin'}, {'FORM': 'TAB.', 'DOSAGE': '10MG', 'FREQUENCY': '0-1-0', 'DURATION': 'X CONTINUE', 'COMMENTS': '2', 'BRAND_NAME': 'HOMOCHECK', 'GENERIC_NAME': 'folic acid'}, {'FORM': 'TAB.', 'DOSAGE': '40MG', 'FREQUENCY': '1-0-0', 'DURATION': 'X 14 DAYS', 'COMMENTS': '', 'BRAND_NAME': 'Pantocid', 'GENERIC_NAME': 'pantoprazole'}]} | __main__.<module>():232 
2021-10-15 13:35:35,748 | INFO   | Tokenised Text : [{'tag': 'UNCATEGORIZED', 'text': 'DISCHARGE SUMMARY ', 'span': (0, 18)}, {'tag': 'UNCATEGORIZED', 'text': 'DEPARTMENT OF CARDIOLOGY', 'span': (20, 44)}, {'tag': 'UNCATEGORIZED', 'text': 'HospitalID :', 'span': (46, 58)}, {'tag': 'UNCATEGORIZED', 'text': '2307901 / 369193', 'span': (60, 76)}, {'tag': 'UNCATEGORIZED', 'text': 'PATIENT NAME:', 'span': (78, 91)}, {'tag': 'UNCATEGORIZED', 'text': 'Utkarsh Angio', 'span': (93, 106)}, {'tag': 'UNCATEGORIZED', 'text': 'AGE :', 'span': (108, 113)}, {'tag': 'UNCATEGORIZED', 'text': '44 Years', 'span': (115, 123)}, {'tag': 'UNCATEGORIZED', 'text': 'ADMITTED ON:', 'span': (125, 137)}, {'tag': 'UNCATEGORIZED', 'text': '26-05-2021', 'span': (139, 149)}, {'tag': 'UNCATEGORIZED', 'text': 'SEX :', 'span': (151, 156)}, {'tag': 'UNCATEGORIZED', 'text': 'MALE', 'span': (158, 162)}, {'tag': 'UNCATEGORIZED', 'text': 'Date of Discharge', 'span': (164, 181)}, {'tag': 'UNCATEGORIZED', 'text': '09/Aug/2021', 'span': (183, 194)}, {'tag': 'UNCATEGORIZED', 'text': 'BED NO :', 'span': (196, 204)}, {'tag': 'UNCATEGORIZED', 'text': 'C-M-02', 'span': (206, 212)}, {'tag': 'UNCATEGORIZED', 'text': 'UNIT HEAD:', 'span': (214, 224)}, {'tag': 'UNCATEGORIZED', 'text': 'Dr.MANJAPPA M (Cardiology) MBBS,MD,DM', 'span': (226, 263)}, {'tag': 'UNCATEGORIZED', 'text': 'ADDRESS :', 'span': (265, 274)}, {'tag': 'UNCATEGORIZED', 'text': 'M L HUNDI TN PURA TQ MYSURU', 'span': (276, 303)}, {'tag': 'UNCATEGORIZED', 'text': 'Date of Birth:', 'span': (305, 319)}, {'tag': 'UNCATEGORIZED', 'text': '15-07-1999', 'span': (321, 331)}, {'tag': 'UNCATEGORIZED', 'text': 'DIAGNOSIS : ', 'span': (343, 355)}, {'tag': 'UNCATEGORIZED', 'text': 'ACUTE ON CHRONIC PULMONARY THROMBOEMBOLISM (SUBMASSIVE)', 'span': (357, 412)}, {'tag': 'UNCATEGORIZED', 'text': 'SEVERE PULMONARY HYPERTENSION', 'span': (414, 443)}, {'tag': 'UNCATEGORIZED', 'text': 'NORMAL BIVENTRICULAR FUNCTION, LVEF-68% ', 'span': (445, 485)}, {'tag': 'UNCATEGORIZED', 'text': 'TYPE 2 DIABETES MELLITUS ', 'span': (487, 512)}, {'tag': 'UNCATEGORIZED', 'text': 'HYPERTENSION', 'span': (431, 443)}, {'tag': 'UNCATEGORIZED', 'text': 'HISTORY : ', 'span': (530, 540)}, {'tag': 'UNCATEGORIZED', 'text': 'Patient name Mr. Somu, 50 years, male, k/c/o DM, presented with c/o breathlessness on exertion- sudden onset, NYHA class II-III since 4 days, associated with one episode of giddiness and syncope 2 days back. On presentation, patient had hypoxia and high BP reading. RAT & RT PCR for Covid-19 were negative. ECG showed sinus rhythm, T wave inversion in II III aVF, V2-V6. He was initially admitted to ward under general medicine department for further evaluation.', 'span': (542, 1004)}, {'tag': 'UNCATEGORIZED', 'text': 'COURSE IN THE HOSPITAL : ', 'span': (1008, 1033)}, {'tag': 'UNCATEGORIZED', 'text': 'MRI Brain done in view of accelerated hypertension and giddiness at presentation, showed no evidence of acute infarcts/haemorrhage. 2D ECHO showed Dilated RA & RV, Mild TR, No RWMA, Normal LV systolic function, EF 68%, Severe pulmonary hypertension, RVSP 55mmHg. D Dimer was elevated. CT-pulmonary angiogram showed features suggestive of acute pulmonary embolism in RPA & LPA extending into upper and lower lobe segmental arteries, reduced calibre of right lower lobe segmental arteries with partial occlusion and calcified thrombuslikely chronic thromboembolism, few patchy areas of ground glass opacities in medial segment of right middle lobe-infective etiology. Patient was transferred to cardiology department for further management. He was treated with heparin, insulin, antiplatelets, statin, antihypertensives, proton pump inhibitors and other supportive medications. Patient improved symptomatically. He was started on oral anticogulants. Further ward stay was uneventful. Detailed report of investigations enclosed. He was discharged with stable condition with following advice.', 'span': (1035, 2123)}, {'tag': 'UNCATEGORIZED', 'text': 'CONDITION AT DISCHARGE: STABLE', 'span': (2127, 2157)}, {'tag': 'UNCATEGORIZED', 'text': 'ADVISE AT DISCHARGE: LOW SALT LOW FAT & DIABETIC DIET', 'span': (2164, 2217)}, {'tag': 'MEDICINE_SECTION', 'text': 'TAB. RIVAXON/EXAFIB 15MG 1-0-0 X CONTINUE CAP. ECOSPRIN-AV 20MG 0-0-1 X CONTINUE TAB. MINILACTONE 25MG 0-1-0 X CONTINUE TAB. GLIMISAVE MV 2.2MG 1-0-1 X CONTINUE (BEFORE FOOD) TAB. HOMOCHECK 10MG 0-1-0 X CONTINUE TAB. PANTOCID 40MG 1-0-0 X 14 DAYS (BEFORE FOOD)', 'span': (2219, 2479)}, {'tag': 'UNCATEGORIZED', 'text': "*DON'T STOP ANY MEDICATION WITHOUT CONSULTING DOCTOR", 'span': (2483, 2535)}, {'tag': 'EMERGENCY_SECTION', 'text': 'Contact in Emergency ', 'span': (2539, 2560)}, {'tag': 'UNCATEGORIZED', 'text': '1.Diarrhoea, Nausea,Vomiting', 'span': (2562, 2590)}, {'tag': 'UNCATEGORIZED', 'text': '2.Constipation,Fever', 'span': (2592, 2612)}, {'tag': 'EMERGENCY_SECTION', 'text': 'IN CASE OF EMERGENCY/URGENCY PLEASE CALL 0821-2335000 OR VISIT EMERGENCY SERVICES AT GROUND FLOOR OF HOSPITAL WHICH IS OPEN 24X7X365. DIAL OUR EMERGENCY AMBULANCE HELPLINE NUMBER TO SEEK MEDICAL HELP: 14455 (24/7)', 'span': (2616, 2829)}, {'tag': 'UNCATEGORIZED', 'text': 'Review with Dr. Manjappa M, MD, DM in Cardiology OPD on Tuesday / Friday after 1 week. For appointment please contact 0821-2335261.', 'span': (2833, 2964)}, {'tag': 'UNCATEGORIZED', 'text': 'Prepared by : Dr. Poornima K S Verified by : Dr. Manjappa M ', 'span': (2968, 3028)}, {'tag': 'UNCATEGORIZED', 'text': 'Discharged Date & Time : Discharged By : ', 'span': (3030, 3071)}, {'tag': 'UNCATEGORIZED', 'text': 'Dr. Manjappa M., MD, DM ', 'span': (3077, 3101)}, {'tag': 'UNCATEGORIZED', 'text': 'Assistant Professor ', 'span': (3103, 3123)}, {'tag': 'UNCATEGORIZED', 'text': 'Interventional Cardiologist', 'span': (3125, 3152)}, {'tag': 'UNCATEGORIZED', 'text': 'KMC No. - 50878 ', 'span': (3154, 3170)}, {'tag': 'UNCATEGORIZED', 'text': 'Dr.MANJAPPA M (Cardiology)', 'span': (226, 252)}] | __main__.__break_in_sections():82  
2021-10-15 13:35:35,749 | INFO   | keyword:PATIENT_NAME|pattern:(?P<KEY>Patient\s*Name\s*\n*|Name\s*\n*)\s*:*(\s*|\n*)(Mr\.{0,1}|Mrs\.{0,1})?(?P<PATIENT_NAME>\s*\w*\s{1,2}\w*) | __main__.__make_regex_pattern():115 
2021-10-15 13:35:35,749 | INFO   | Regex caught PATIENT_NAME:[{'KEY': 'PATIENT NAME', 'PATIENT_NAME': 'Utkarsh Angio'}, {'KEY': 'Patient name ', 'PATIENT_NAME': ' Somu'}] | __main__.__get_params():131 
2021-10-15 13:35:35,749 | INFO   | Param Returned:PATIENT_NAME Value is :Utkarsh Angio | __main__.__get_params():139 
2021-10-15 13:35:35,749 | INFO   | PATIENT_NAME:Utkarsh Angio | __main__.__extract_fields():150 
2021-10-15 13:35:35,749 | INFO   | keyword:AGE|pattern:(?P<KEY>Age)\s*:\s*\s*(?P<AGE>([0-9]{2})\s*|\s*([0-9]{2})\s*(years)|\s*([0-9]{2})\s*(y|years)?\s*([0-9]{1,2})\s*(m)\s*([0-9]{1,3})\s*(d)|Age\s*:*\s*(\d+)) | __main__.__make_regex_pattern():115 
2021-10-15 13:35:35,750 | INFO   | Regex caught AGE:[{'KEY': 'AGE', 'AGE': '44 '}] | __main__.__get_params():131 
2021-10-15 13:35:35,750 | INFO   | Param Returned:AGE Value is :44  | __main__.__get_params():139 
2021-10-15 13:35:35,750 | INFO   | AGE:44  | __main__.__extract_fields():150 
2021-10-15 13:35:35,750 | INFO   | keyword:GENDER|pattern:(?P<KEY>Gender|Sex)\s*:*(\s*|\n)(?P<GENDER>\w*) | __main__.__make_regex_pattern():115 
2021-10-15 13:35:35,750 | INFO   | Regex caught GENDER:[{'KEY': 'SEX', 'GENDER': 'MALE'}] | __main__.__get_params():131 
2021-10-15 13:35:35,750 | INFO   | Param Returned:GENDER Value is :MALE | __main__.__get_params():139 
2021-10-15 13:35:35,750 | INFO   | GENDER:MALE | __main__.__extract_fields():150 
2021-10-15 13:35:35,750 | INFO   | keyword:MRN|pattern:(?P<KEY>mrn|REG\s*\/\s*IP\s*NO|Hospital\s*[\s*\-]?\s*ID)\s*(No|num|number)?\s*\n*:*\s*\n*(?P<MRN>[0-9]{2}\-[0-9]{2}\-[0-9]{8}|(\d{7}\s*/\s*\d{6})) | __main__.__make_regex_pattern():115 
2021-10-15 13:35:35,751 | INFO   | Regex caught MRN:[{'KEY': 'HospitalID', 'MRN': '2307901 / 369193'}] | __main__.__get_params():131 
2021-10-15 13:35:35,751 | INFO   | Param Returned:MRN Value is :2307901 / 369193 | __main__.__get_params():139 
2021-10-15 13:35:35,751 | INFO   | MRN:2307901 / 369193 | __main__.__extract_fields():150 
2021-10-15 13:35:35,751 | INFO   | keyword:DATE_OF_DISCHARGE|pattern:(?P<KEY>Date\s*of\s*Discharge|Discharge\s*Date|Discharged\s*On)\s*:*\s*\n*(?P<DATE_OF_DISCHARGE>([0-9]{1,2})\s*[\/\-]\s*([a-z]{3,9}|[0-9]{1,2})\s*[\/\-]\s*([0-9]{2,4})) | __main__.__make_regex_pattern():115 
2021-10-15 13:35:35,752 | INFO   | Regex caught DATE_OF_DISCHARGE:[{'KEY': 'Date of Discharge', 'DATE_OF_DISCHARGE': '09/Aug/2021'}] | __main__.__get_params():131 
2021-10-15 13:35:35,752 | INFO   | Param Returned:DATE_OF_DISCHARGE Value is :09/Aug/2021 | __main__.__get_params():139 
2021-10-15 13:35:35,752 | INFO   | DATE_OF_DISCHARGE:09/Aug/2021 | __main__.__extract_fields():150 
2021-10-15 13:35:35,752 | INFO   | keyword:DOB|pattern:(?P<KEY>Date\s*of\s*Birth)\s*:*\s*\n*(?P<DOB>([0-9]{1,2})\s*-([A-Za-z]{3,9}|[0-9]{1,2})\s*-([0-9]{2,4})) | __main__.__make_regex_pattern():115 
2021-10-15 13:35:35,752 | INFO   | Regex caught DOB:[{'KEY': 'Date of Birth', 'DOB': '15-07-1999'}] | __main__.__get_params():131 
2021-10-15 13:35:35,752 | INFO   | Param Returned:DOB Value is :15-07-1999 | __main__.__get_params():139 
2021-10-15 13:35:35,752 | INFO   | DOB:15-07-1999 | __main__.__extract_fields():150 
2021-10-15 13:35:35,752 | INFO   | keyword:DIAGNOSIS|pattern:(DIAGNOSIS\s*)\s*:*(?P<DIAGNOSIS>.*?)\.*\n*(?=REASON|CO-MORBIDITIES|CLINICAL\s*HISTORY|HISTORY\s*AND\s*PHYSICAL\s*FINDINGS|\s*SURGERY|PROCEDURE\s*DETAILS|HISTORY) | __main__.__make_regex_pattern():115 
2021-10-15 13:35:35,753 | INFO   | Regex caught DIAGNOSIS:[{'DIAGNOSIS': ' \n\nACUTE ON CHRONIC PULMONARY THROMBOEMBOLISM (SUBMASSIVE)\n\nSEVERE PULMONARY HYPERTENSION\n\nNORMAL BIVENTRICULAR FUNCTION, LVEF-68% \n\nTYPE 2 DIABETES MELLITUS \n\nHYPERTENSION'}] | __main__.__get_params():131 
2021-10-15 13:35:35,753 | INFO   | Param Returned:DIAGNOSIS Value is : 

ACUTE ON CHRONIC PULMONARY THROMBOEMBOLISM (SUBMASSIVE)

SEVERE PULMONARY HYPERTENSION

NORMAL BIVENTRICULAR FUNCTION, LVEF-68% 

TYPE 2 DIABETES MELLITUS 

HYPERTENSION | __main__.__get_params():139 
2021-10-15 13:35:35,753 | INFO   | DIAGNOSIS: 

ACUTE ON CHRONIC PULMONARY THROMBOEMBOLISM (SUBMASSIVE)

SEVERE PULMONARY HYPERTENSION

NORMAL BIVENTRICULAR FUNCTION, LVEF-68% 

TYPE 2 DIABETES MELLITUS 

HYPERTENSION | __main__.__extract_fields():150 
2021-10-15 13:35:35,753 | INFO   | Extracted data : {'PATIENT_NAME': 'Utkarsh Angio', 'AGE': '44 ', 'GENDER': 'MALE', 'MRN': '2307901 / 369193', 'DATE_OF_DISCHARGE': '09/Aug/2021', 'DOB': '15-07-1999', 'DIAGNOSIS': ' \n\nACUTE ON CHRONIC PULMONARY THROMBOEMBOLISM (SUBMASSIVE)\n\nSEVERE PULMONARY HYPERTENSION\n\nNORMAL BIVENTRICULAR FUNCTION, LVEF-68% \n\nTYPE 2 DIABETES MELLITUS \n\nHYPERTENSION'} | __main__.__extract_fields():153 
2021-10-15 13:35:35,754 | INFO   | <re.Match object; span=(0, 41), match='TAB. RIVAXON/EXAFIB 15MG 1-0-0 X CONTINUE'> | __main__.__extract_medicines_regex():197 
2021-10-15 13:35:35,754 | INFO   | <re.Match object; span=(42, 80), match='CAP. ECOSPRIN-AV 20MG 0-0-1 X CONTINUE'> | __main__.__extract_medicines_regex():197 
2021-10-15 13:35:35,754 | INFO   | <re.Match object; span=(81, 119), match='TAB. MINILACTONE 25MG 0-1-0 X CONTINUE'> | __main__.__extract_medicines_regex():197 
2021-10-15 13:35:35,754 | INFO   | <re.Match object; span=(120, 160), match='TAB. GLIMISAVE MV 2.2MG 1-0-1 X CONTINUE'> | __main__.__extract_medicines_regex():197 
2021-10-15 13:35:35,754 | INFO   | <re.Match object; span=(175, 211), match='TAB. HOMOCHECK 10MG 0-1-0 X CONTINUE'> | __main__.__extract_medicines_regex():197 
2021-10-15 13:35:35,754 | INFO   | <re.Match object; span=(212, 246), match='TAB. PANTOCID 40MG 1-0-0 X 14 DAYS'> | __main__.__extract_medicines_regex():197 
2021-10-15 13:35:40,705 | INFO   | [{'FORM': 'TAB.', 'DOSAGE': '15MG', 'FREQUENCY': '1-0-0', 'DURATION': 'X CONTINUE', 'COMMENTS': 'O', 'BRAND_NAME': 'RIVAXON/EXAFIB', 'GENERIC_NAME': ''}, {'FORM': 'CAP.', 'DOSAGE': '20MG', 'FREQUENCY': '0-0-1', 'DURATION': 'X CONTINUE', 'COMMENTS': 'T', 'BRAND_NAME': 'Ecosprin-av', 'GENERIC_NAME': 'aspirin'}, {'FORM': 'TAB.', 'DOSAGE': '25MG', 'FREQUENCY': '0-1-0', 'DURATION': 'X CONTINUE', 'COMMENTS': 'e', 'BRAND_NAME': 'Minilactone', 'GENERIC_NAME': 'furosemide + spironolactone'}, {'FORM': 'TAB.', 'DOSAGE': '2.2MG', 'FREQUENCY': '1-0-1', 'DURATION': 'X CONTINUE', 'COMMENTS': 'LE\n\nDate of Dis', 'BRAND_NAME': 'GLIMISAVE MV', 'GENERIC_NAME': 'glimepiride + metformin'}, {'FORM': 'TAB.', 'DOSAGE': '10MG', 'FREQUENCY': '0-1-0', 'DURATION': 'X CONTINUE', 'COMMENTS': '2', 'BRAND_NAME': 'HOMOCHECK', 'GENERIC_NAME': 'folic acid'}, {'FORM': 'TAB.', 'DOSAGE': '40MG', 'FREQUENCY': '1-0-0', 'DURATION': 'X 14 DAYS', 'COMMENTS': '', 'BRAND_NAME': 'Pantocid', 'GENERIC_NAME': 'pantoprazole'}] | __main__.__extract_medicines_regex():205 
2021-10-15 13:35:40,705 | INFO   | OUTPUT : {'demographics': {'PATIENT_NAME': 'Utkarsh Angio', 'AGE': '44 ', 'GENDER': 'MALE', 'MRN': '2307901 / 369193', 'DATE_OF_DISCHARGE': '09/Aug/2021', 'DOB': '15-07-1999', 'DIAGNOSIS': ' \n\nACUTE ON CHRONIC PULMONARY THROMBOEMBOLISM (SUBMASSIVE)\n\nSEVERE PULMONARY HYPERTENSION\n\nNORMAL BIVENTRICULAR FUNCTION, LVEF-68% \n\nTYPE 2 DIABETES MELLITUS \n\nHYPERTENSION'}, 'emergency': 'Contact in Emergency \nIN CASE OF EMERGENCY/URGENCY PLEASE CALL 0821-2335000 OR VISIT EMERGENCY SERVICES AT GROUND FLOOR OF HOSPITAL WHICH IS OPEN 24X7X365. DIAL OUR EMERGENCY AMBULANCE HELPLINE NUMBER TO SEEK MEDICAL HELP: 14455 (24/7)', 'medicines': [{'FORM': 'TAB.', 'DOSAGE': '15MG', 'FREQUENCY': '1-0-0', 'DURATION': 'X CONTINUE', 'COMMENTS': 'O', 'BRAND_NAME': 'RIVAXON/EXAFIB', 'GENERIC_NAME': ''}, {'FORM': 'CAP.', 'DOSAGE': '20MG', 'FREQUENCY': '0-0-1', 'DURATION': 'X CONTINUE', 'COMMENTS': 'T', 'BRAND_NAME': 'Ecosprin-av', 'GENERIC_NAME': 'aspirin'}, {'FORM': 'TAB.', 'DOSAGE': '25MG', 'FREQUENCY': '0-1-0', 'DURATION': 'X CONTINUE', 'COMMENTS': 'e', 'BRAND_NAME': 'Minilactone', 'GENERIC_NAME': 'furosemide + spironolactone'}, {'FORM': 'TAB.', 'DOSAGE': '2.2MG', 'FREQUENCY': '1-0-1', 'DURATION': 'X CONTINUE', 'COMMENTS': 'LE\n\nDate of Dis', 'BRAND_NAME': 'GLIMISAVE MV', 'GENERIC_NAME': 'glimepiride + metformin'}, {'FORM': 'TAB.', 'DOSAGE': '10MG', 'FREQUENCY': '0-1-0', 'DURATION': 'X CONTINUE', 'COMMENTS': '2', 'BRAND_NAME': 'HOMOCHECK', 'GENERIC_NAME': 'folic acid'}, {'FORM': 'TAB.', 'DOSAGE': '40MG', 'FREQUENCY': '1-0-0', 'DURATION': 'X 14 DAYS', 'COMMENTS': '', 'BRAND_NAME': 'Pantocid', 'GENERIC_NAME': 'pantoprazole'}]} | __main__.<module>():230 
2021-10-15 18:43:01,725 | INFO   | Tokenised Text : [{'tag': 'UNCATEGORIZED', 'text': 'DISCHARGE SUMMARY ', 'span': (0, 18)}, {'tag': 'UNCATEGORIZED', 'text': 'DEPARTMENT OF CARDIOLOGY', 'span': (20, 44)}, {'tag': 'UNCATEGORIZED', 'text': 'HospitalID :', 'span': (46, 58)}, {'tag': 'UNCATEGORIZED', 'text': '2307901 / 369193', 'span': (60, 76)}, {'tag': 'UNCATEGORIZED', 'text': 'PATIENT NAME:', 'span': (78, 91)}, {'tag': 'UNCATEGORIZED', 'text': 'Utkarsh Angio', 'span': (93, 106)}, {'tag': 'UNCATEGORIZED', 'text': 'AGE :', 'span': (108, 113)}, {'tag': 'UNCATEGORIZED', 'text': '44 Years', 'span': (115, 123)}, {'tag': 'UNCATEGORIZED', 'text': 'ADMITTED ON:', 'span': (125, 137)}, {'tag': 'UNCATEGORIZED', 'text': '26-05-2021', 'span': (139, 149)}, {'tag': 'UNCATEGORIZED', 'text': 'SEX :', 'span': (151, 156)}, {'tag': 'UNCATEGORIZED', 'text': 'MALE', 'span': (158, 162)}, {'tag': 'UNCATEGORIZED', 'text': 'Date of Discharge', 'span': (164, 181)}, {'tag': 'UNCATEGORIZED', 'text': '09/Aug/2021', 'span': (183, 194)}, {'tag': 'UNCATEGORIZED', 'text': 'BED NO :', 'span': (196, 204)}, {'tag': 'UNCATEGORIZED', 'text': 'C-M-02', 'span': (206, 212)}, {'tag': 'UNCATEGORIZED', 'text': 'UNIT HEAD:', 'span': (214, 224)}, {'tag': 'UNCATEGORIZED', 'text': 'Dr.MANJAPPA M (Cardiology) MBBS,MD,DM', 'span': (226, 263)}, {'tag': 'UNCATEGORIZED', 'text': 'ADDRESS :', 'span': (265, 274)}, {'tag': 'UNCATEGORIZED', 'text': 'M L HUNDI TN PURA TQ MYSURU', 'span': (276, 303)}, {'tag': 'UNCATEGORIZED', 'text': 'Date of Birth:', 'span': (305, 319)}, {'tag': 'UNCATEGORIZED', 'text': '15-07-1999', 'span': (321, 331)}, {'tag': 'UNCATEGORIZED', 'text': 'DIAGNOSIS : ', 'span': (343, 355)}, {'tag': 'UNCATEGORIZED', 'text': 'ACUTE ON CHRONIC PULMONARY THROMBOEMBOLISM (SUBMASSIVE)', 'span': (357, 412)}, {'tag': 'UNCATEGORIZED', 'text': 'SEVERE PULMONARY HYPERTENSION', 'span': (414, 443)}, {'tag': 'UNCATEGORIZED', 'text': 'NORMAL BIVENTRICULAR FUNCTION, LVEF-68% ', 'span': (445, 485)}, {'tag': 'UNCATEGORIZED', 'text': 'TYPE 2 DIABETES MELLITUS ', 'span': (487, 512)}, {'tag': 'UNCATEGORIZED', 'text': 'HYPERTENSION', 'span': (431, 443)}, {'tag': 'UNCATEGORIZED', 'text': 'HISTORY : ', 'span': (530, 540)}, {'tag': 'UNCATEGORIZED', 'text': 'Patient name Mr. Somu, 50 years, male, k/c/o DM, presented with c/o breathlessness on exertion- sudden onset, NYHA class II-III since 4 days, associated with one episode of giddiness and syncope 2 days back. On presentation, patient had hypoxia and high BP reading. RAT & RT PCR for Covid-19 were negative. ECG showed sinus rhythm, T wave inversion in II III aVF, V2-V6. He was initially admitted to ward under general medicine department for further evaluation.', 'span': (542, 1004)}, {'tag': 'UNCATEGORIZED', 'text': 'COURSE IN THE HOSPITAL : ', 'span': (1008, 1033)}, {'tag': 'UNCATEGORIZED', 'text': 'MRI Brain done in view of accelerated hypertension and giddiness at presentation, showed no evidence of acute infarcts/haemorrhage. 2D ECHO showed Dilated RA & RV, Mild TR, No RWMA, Normal LV systolic function, EF 68%, Severe pulmonary hypertension, RVSP 55mmHg. D Dimer was elevated. CT-pulmonary angiogram showed features suggestive of acute pulmonary embolism in RPA & LPA extending into upper and lower lobe segmental arteries, reduced calibre of right lower lobe segmental arteries with partial occlusion and calcified thrombuslikely chronic thromboembolism, few patchy areas of ground glass opacities in medial segment of right middle lobe-infective etiology. Patient was transferred to cardiology department for further management. He was treated with heparin, insulin, antiplatelets, statin, antihypertensives, proton pump inhibitors and other supportive medications. Patient improved symptomatically. He was started on oral anticogulants. Further ward stay was uneventful. Detailed report of investigations enclosed. He was discharged with stable condition with following advice.', 'span': (1035, 2123)}, {'tag': 'UNCATEGORIZED', 'text': 'CONDITION AT DISCHARGE: STABLE', 'span': (2127, 2157)}, {'tag': 'UNCATEGORIZED', 'text': 'ADVISE AT DISCHARGE: LOW SALT LOW FAT & DIABETIC DIET', 'span': (2164, 2217)}, {'tag': 'MEDICINE_SECTION', 'text': 'TAB. RIVAXON/EXAFIB 15MG 1-0-0 X CONTINUE CAP. ECOSPRIN-AV 20MG 0-0-1 X CONTINUE TAB. MINILACTONE 25MG 0-1-0 X CONTINUE TAB. GLIMISAVE MV 2.2MG 1-0-1 X CONTINUE (BEFORE FOOD) TAB. HOMOCHECK 10MG 0-1-0 X CONTINUE TAB. PANTOCID 40MG 1-0-0 X 14 DAYS (BEFORE FOOD)', 'span': (2219, 2479)}, {'tag': 'UNCATEGORIZED', 'text': "*DON'T STOP ANY MEDICATION WITHOUT CONSULTING DOCTOR", 'span': (2483, 2535)}, {'tag': 'EMERGENCY_SECTION', 'text': 'Contact in Emergency ', 'span': (2539, 2560)}, {'tag': 'UNCATEGORIZED', 'text': '1.Diarrhoea, Nausea,Vomiting', 'span': (2562, 2590)}, {'tag': 'UNCATEGORIZED', 'text': '2.Constipation,Fever', 'span': (2592, 2612)}, {'tag': 'EMERGENCY_SECTION', 'text': 'IN CASE OF EMERGENCY/URGENCY PLEASE CALL 0821-2335000 OR VISIT EMERGENCY SERVICES AT GROUND FLOOR OF HOSPITAL WHICH IS OPEN 24X7X365. DIAL OUR EMERGENCY AMBULANCE HELPLINE NUMBER TO SEEK MEDICAL HELP: 14455 (24/7)', 'span': (2616, 2829)}, {'tag': 'UNCATEGORIZED', 'text': 'Review with Dr. Manjappa M, MD, DM in Cardiology OPD on Tuesday / Friday after 1 week. For appointment please contact 0821-2335261.', 'span': (2833, 2964)}, {'tag': 'UNCATEGORIZED', 'text': 'Prepared by : Dr. Poornima K S Verified by : Dr. Manjappa M ', 'span': (2968, 3028)}, {'tag': 'UNCATEGORIZED', 'text': 'Discharged Date & Time : Discharged By : ', 'span': (3030, 3071)}, {'tag': 'UNCATEGORIZED', 'text': 'Dr. Manjappa M., MD, DM ', 'span': (3077, 3101)}, {'tag': 'UNCATEGORIZED', 'text': 'Assistant Professor ', 'span': (3103, 3123)}, {'tag': 'UNCATEGORIZED', 'text': 'Interventional Cardiologist', 'span': (3125, 3152)}, {'tag': 'UNCATEGORIZED', 'text': 'KMC No. - 50878 ', 'span': (3154, 3170)}, {'tag': 'UNCATEGORIZED', 'text': 'Dr.MANJAPPA M (Cardiology)', 'span': (226, 252)}] | __main__.__break_in_sections():82  
2021-10-15 18:43:01,725 | INFO   | keyword:PATIENT_NAME|pattern:(?P<KEY>Patient\s*Name\s*\n*|Name\s*\n*)\s*:*(\s*|\n*)(Mr\.{0,1}|Mrs\.{0,1})?(?P<PATIENT_NAME>\s*\w*\s{1,2}\w*) | __main__.__make_regex_pattern():115 
2021-10-15 18:43:01,726 | INFO   | Regex caught PATIENT_NAME:[{'KEY': 'PATIENT NAME', 'PATIENT_NAME': 'Utkarsh Angio'}, {'KEY': 'Patient name ', 'PATIENT_NAME': ' Somu'}] | __main__.__get_params():131 
2021-10-15 18:43:01,726 | INFO   | Param Returned:PATIENT_NAME Value is :Utkarsh Angio | __main__.__get_params():139 
2021-10-15 18:43:01,726 | INFO   | PATIENT_NAME:Utkarsh Angio | __main__.__extract_fields():150 
2021-10-15 18:43:01,726 | INFO   | keyword:AGE|pattern:(?P<KEY>Age)\s*:\s*\s*(?P<AGE>([0-9]{2})\s*|\s*([0-9]{2})\s*(years)|\s*([0-9]{2})\s*(y|years)?\s*([0-9]{1,2})\s*(m)\s*([0-9]{1,3})\s*(d)|Age\s*:*\s*(\d+)) | __main__.__make_regex_pattern():115 
2021-10-15 18:43:01,726 | INFO   | Regex caught AGE:[{'KEY': 'AGE', 'AGE': '44 '}] | __main__.__get_params():131 
2021-10-15 18:43:01,726 | INFO   | Param Returned:AGE Value is :44  | __main__.__get_params():139 
2021-10-15 18:43:01,726 | INFO   | AGE:44  | __main__.__extract_fields():150 
2021-10-15 18:43:01,726 | INFO   | keyword:GENDER|pattern:(?P<KEY>Gender|Sex)\s*:*(\s*|\n)(?P<GENDER>\w*) | __main__.__make_regex_pattern():115 
2021-10-15 18:43:01,727 | INFO   | Regex caught GENDER:[{'KEY': 'SEX', 'GENDER': 'MALE'}] | __main__.__get_params():131 
2021-10-15 18:43:01,727 | INFO   | Param Returned:GENDER Value is :MALE | __main__.__get_params():139 
2021-10-15 18:43:01,727 | INFO   | GENDER:MALE | __main__.__extract_fields():150 
2021-10-15 18:43:01,727 | INFO   | keyword:MRN|pattern:(?P<KEY>mrn|REG\s*\/\s*IP\s*NO|Hospital\s*[\s*\-]?\s*ID)\s*(No|num|number)?\s*\n*:*\s*\n*(?P<MRN>[0-9]{2}\-[0-9]{2}\-[0-9]{8}|(\d{7}\s*/\s*\d{6})) | __main__.__make_regex_pattern():115 
2021-10-15 18:43:01,727 | INFO   | Regex caught MRN:[{'KEY': 'HospitalID', 'MRN': '2307901 / 369193'}] | __main__.__get_params():131 
2021-10-15 18:43:01,727 | INFO   | Param Returned:MRN Value is :2307901 / 369193 | __main__.__get_params():139 
2021-10-15 18:43:01,727 | INFO   | MRN:2307901 / 369193 | __main__.__extract_fields():150 
2021-10-15 18:43:01,727 | INFO   | keyword:DATE_OF_DISCHARGE|pattern:(?P<KEY>Date\s*of\s*Discharge|Discharge\s*Date|Discharged\s*On)\s*:*\s*\n*(?P<DATE_OF_DISCHARGE>([0-9]{1,2})\s*[\/\-]\s*([a-z]{3,9}|[0-9]{1,2})\s*[\/\-]\s*([0-9]{2,4})) | __main__.__make_regex_pattern():115 
2021-10-15 18:43:01,728 | INFO   | Regex caught DATE_OF_DISCHARGE:[{'KEY': 'Date of Discharge', 'DATE_OF_DISCHARGE': '09/Aug/2021'}] | __main__.__get_params():131 
2021-10-15 18:43:01,728 | INFO   | Param Returned:DATE_OF_DISCHARGE Value is :09/Aug/2021 | __main__.__get_params():139 
2021-10-15 18:43:01,728 | INFO   | DATE_OF_DISCHARGE:09/Aug/2021 | __main__.__extract_fields():150 
2021-10-15 18:43:01,728 | INFO   | keyword:DOB|pattern:(?P<KEY>Date\s*of\s*Birth)\s*:*\s*\n*(?P<DOB>([0-9]{1,2})\s*-([A-Za-z]{3,9}|[0-9]{1,2})\s*-([0-9]{2,4})) | __main__.__make_regex_pattern():115 
2021-10-15 18:43:01,728 | INFO   | Regex caught DOB:[{'KEY': 'Date of Birth', 'DOB': '15-07-1999'}] | __main__.__get_params():131 
2021-10-15 18:43:01,728 | INFO   | Param Returned:DOB Value is :15-07-1999 | __main__.__get_params():139 
2021-10-15 18:43:01,728 | INFO   | DOB:15-07-1999 | __main__.__extract_fields():150 
2021-10-15 18:43:01,728 | INFO   | keyword:DIAGNOSIS|pattern:(DIAGNOSIS\s*)\s*:*(?P<DIAGNOSIS>.*?)\.*\n*(?=REASON|CO-MORBIDITIES|CLINICAL\s*HISTORY|HISTORY\s*AND\s*PHYSICAL\s*FINDINGS|\s*SURGERY|PROCEDURE\s*DETAILS|HISTORY) | __main__.__make_regex_pattern():115 
2021-10-15 18:43:01,729 | INFO   | Regex caught DIAGNOSIS:[{'DIAGNOSIS': ' \n\nACUTE ON CHRONIC PULMONARY THROMBOEMBOLISM (SUBMASSIVE)\n\nSEVERE PULMONARY HYPERTENSION\n\nNORMAL BIVENTRICULAR FUNCTION, LVEF-68% \n\nTYPE 2 DIABETES MELLITUS \n\nHYPERTENSION'}] | __main__.__get_params():131 
2021-10-15 18:43:01,729 | INFO   | Param Returned:DIAGNOSIS Value is : 

ACUTE ON CHRONIC PULMONARY THROMBOEMBOLISM (SUBMASSIVE)

SEVERE PULMONARY HYPERTENSION

NORMAL BIVENTRICULAR FUNCTION, LVEF-68% 

TYPE 2 DIABETES MELLITUS 

HYPERTENSION | __main__.__get_params():139 
2021-10-15 18:43:01,729 | INFO   | DIAGNOSIS: 

ACUTE ON CHRONIC PULMONARY THROMBOEMBOLISM (SUBMASSIVE)

SEVERE PULMONARY HYPERTENSION

NORMAL BIVENTRICULAR FUNCTION, LVEF-68% 

TYPE 2 DIABETES MELLITUS 

HYPERTENSION | __main__.__extract_fields():150 
2021-10-15 18:43:01,729 | INFO   | Extracted data : {'PATIENT_NAME': 'Utkarsh Angio', 'AGE': '44 ', 'GENDER': 'MALE', 'MRN': '2307901 / 369193', 'DATE_OF_DISCHARGE': '09/Aug/2021', 'DOB': '15-07-1999', 'DIAGNOSIS': ' \n\nACUTE ON CHRONIC PULMONARY THROMBOEMBOLISM (SUBMASSIVE)\n\nSEVERE PULMONARY HYPERTENSION\n\nNORMAL BIVENTRICULAR FUNCTION, LVEF-68% \n\nTYPE 2 DIABETES MELLITUS \n\nHYPERTENSION'} | __main__.__extract_fields():153 
2021-10-15 18:43:01,729 | INFO   | <re.Match object; span=(0, 41), match='TAB. RIVAXON/EXAFIB 15MG 1-0-0 X CONTINUE'> | __main__.__extract_medicines_regex():197 
2021-10-15 18:43:01,729 | INFO   | <re.Match object; span=(42, 80), match='CAP. ECOSPRIN-AV 20MG 0-0-1 X CONTINUE'> | __main__.__extract_medicines_regex():197 
2021-10-15 18:43:01,729 | INFO   | <re.Match object; span=(81, 119), match='TAB. MINILACTONE 25MG 0-1-0 X CONTINUE'> | __main__.__extract_medicines_regex():197 
2021-10-15 18:43:01,729 | INFO   | <re.Match object; span=(120, 160), match='TAB. GLIMISAVE MV 2.2MG 1-0-1 X CONTINUE'> | __main__.__extract_medicines_regex():197 
2021-10-15 18:43:01,729 | INFO   | <re.Match object; span=(175, 211), match='TAB. HOMOCHECK 10MG 0-1-0 X CONTINUE'> | __main__.__extract_medicines_regex():197 
2021-10-15 18:43:01,729 | INFO   | <re.Match object; span=(212, 246), match='TAB. PANTOCID 40MG 1-0-0 X 14 DAYS'> | __main__.__extract_medicines_regex():197 
2021-10-15 18:43:07,123 | INFO   | [{'FORM': 'TAB.', 'DOSAGE': '15MG', 'FREQUENCY': '1-0-0', 'DURATION': 'X CONTINUE', 'COMMENTS': 'O', 'BRAND_NAME': 'RIVAXON/EXAFIB', 'GENERIC_NAME': ''}, {'FORM': 'CAP.', 'DOSAGE': '20MG', 'FREQUENCY': '0-0-1', 'DURATION': 'X CONTINUE', 'COMMENTS': 'T', 'BRAND_NAME': 'Ecosprin-av', 'GENERIC_NAME': 'aspirin'}, {'FORM': 'TAB.', 'DOSAGE': '25MG', 'FREQUENCY': '0-1-0', 'DURATION': 'X CONTINUE', 'COMMENTS': 'e', 'BRAND_NAME': 'Minilactone', 'GENERIC_NAME': 'furosemide + spironolactone'}, {'FORM': 'TAB.', 'DOSAGE': '2.2MG', 'FREQUENCY': '1-0-1', 'DURATION': 'X CONTINUE', 'COMMENTS': 'LE\n\nDate of Dis', 'BRAND_NAME': 'GLIMISAVE MV', 'GENERIC_NAME': 'glimepiride + metformin'}, {'FORM': 'TAB.', 'DOSAGE': '10MG', 'FREQUENCY': '0-1-0', 'DURATION': 'X CONTINUE', 'COMMENTS': '2', 'BRAND_NAME': 'HOMOCHECK', 'GENERIC_NAME': 'folic acid'}, {'FORM': 'TAB.', 'DOSAGE': '40MG', 'FREQUENCY': '1-0-0', 'DURATION': 'X 14 DAYS', 'COMMENTS': '', 'BRAND_NAME': 'Pantocid', 'GENERIC_NAME': 'pantoprazole'}] | __main__.__extract_medicines_regex():205 
2021-10-15 18:43:07,123 | INFO   | OUTPUT : {'demographics': {'PATIENT_NAME': 'Utkarsh Angio', 'AGE': '44 ', 'GENDER': 'MALE', 'MRN': '2307901 / 369193', 'DATE_OF_DISCHARGE': '09/Aug/2021', 'DOB': '15-07-1999', 'DIAGNOSIS': ' \n\nACUTE ON CHRONIC PULMONARY THROMBOEMBOLISM (SUBMASSIVE)\n\nSEVERE PULMONARY HYPERTENSION\n\nNORMAL BIVENTRICULAR FUNCTION, LVEF-68% \n\nTYPE 2 DIABETES MELLITUS \n\nHYPERTENSION'}, 'emergency': 'Contact in Emergency \nIN CASE OF EMERGENCY/URGENCY PLEASE CALL 0821-2335000 OR VISIT EMERGENCY SERVICES AT GROUND FLOOR OF HOSPITAL WHICH IS OPEN 24X7X365. DIAL OUR EMERGENCY AMBULANCE HELPLINE NUMBER TO SEEK MEDICAL HELP: 14455 (24/7)', 'medicines': [{'FORM': 'TAB.', 'DOSAGE': '15MG', 'FREQUENCY': '1-0-0', 'DURATION': 'X CONTINUE', 'COMMENTS': 'O', 'BRAND_NAME': 'RIVAXON/EXAFIB', 'GENERIC_NAME': ''}, {'FORM': 'CAP.', 'DOSAGE': '20MG', 'FREQUENCY': '0-0-1', 'DURATION': 'X CONTINUE', 'COMMENTS': 'T', 'BRAND_NAME': 'Ecosprin-av', 'GENERIC_NAME': 'aspirin'}, {'FORM': 'TAB.', 'DOSAGE': '25MG', 'FREQUENCY': '0-1-0', 'DURATION': 'X CONTINUE', 'COMMENTS': 'e', 'BRAND_NAME': 'Minilactone', 'GENERIC_NAME': 'furosemide + spironolactone'}, {'FORM': 'TAB.', 'DOSAGE': '2.2MG', 'FREQUENCY': '1-0-1', 'DURATION': 'X CONTINUE', 'COMMENTS': 'LE\n\nDate of Dis', 'BRAND_NAME': 'GLIMISAVE MV', 'GENERIC_NAME': 'glimepiride + metformin'}, {'FORM': 'TAB.', 'DOSAGE': '10MG', 'FREQUENCY': '0-1-0', 'DURATION': 'X CONTINUE', 'COMMENTS': '2', 'BRAND_NAME': 'HOMOCHECK', 'GENERIC_NAME': 'folic acid'}, {'FORM': 'TAB.', 'DOSAGE': '40MG', 'FREQUENCY': '1-0-0', 'DURATION': 'X 14 DAYS', 'COMMENTS': '', 'BRAND_NAME': 'Pantocid', 'GENERIC_NAME': 'pantoprazole'}]} | __main__.<module>():230 
